<?xml version="1.0" encoding="UTF-8"?>
<!-- Generated by org.testng.reporters.JUnitReportReporter -->
<testsuite hostname="sivarajs-MacBook-Air.local" failures="0" tests="1" name="com.myiqai.testCases.User_Update" time="16.069" errors="0" timestamp="17 Jul 2024 04:58:15 GMT" skipped="0">
  <testcase classname="com.myiqai.testCases.User_Update" name="userUpdation" time="16.069"/>
</testsuite> <!-- com.myiqai.testCases.User_Update -->
