<?xml version="1.0" encoding="UTF-8"?>
<!-- Generated by org.testng.reporters.JUnitReportReporter -->
<testsuite hostname="sivarajs-MacBook-Air.local" failures="0" tests="6" name="com.myiqai.testCases.Role_Creation" time="54.923" errors="0" timestamp="17 Jul 2024 08:33:12 GMT" skipped="0">
  <testcase classname="com.myiqai.testCases.Role_Creation" name="roleCreation" time="10.934"/>
  <testcase classname="com.myiqai.testCases.Role_Creation" name="role_creation" time="1.260"/>
  <testcase classname="com.myiqai.testCases.Role_Creation" name="roleCreation" time="10.726"/>
  <testcase classname="com.myiqai.testCases.Role_Creation" name="roleCreation" time="9.793"/>
  <testcase classname="com.myiqai.testCases.Role_Creation" name="roleCreation" time="11.380"/>
  <testcase classname="com.myiqai.testCases.Role_Creation" name="roleCreation" time="10.830"/>
</testsuite> <!-- com.myiqai.testCases.Role_Creation -->
