<?xml version="1.0" encoding="UTF-8"?>
<!-- Generated by org.testng.reporters.JUnitReportReporter -->
<testsuite hostname="sivarajs-MacBook-Air.local" failures="0" tests="1" name="com.myiqai.testCases.Priority_Configuration" time="11.410" errors="0" timestamp="17 Jul 2024 05:15:26 GMT" skipped="0">
  <testcase classname="com.myiqai.testCases.Priority_Configuration" name="priorityConfig" time="11.410"/>
</testsuite> <!-- com.myiqai.testCases.Priority_Configuration -->
