<?xml version="1.0" encoding="UTF-8"?>
<!-- Generated by org.testng.reporters.JUnitReportReporter -->
<testsuite hostname="sivarajs-MacBook-Air.local" failures="0" tests="5" name="com.myiqai.testCases.Add_organisation" time="94.133" errors="0" timestamp="17 Jul 2024 08:33:12 GMT" skipped="0">
  <testcase classname="com.myiqai.testCases.Add_organisation" name="add_organisation" time="23.185"/>
  <testcase classname="com.myiqai.testCases.Add_organisation" name="add_org" time="3.391"/>
  <testcase classname="com.myiqai.testCases.Add_organisation" name="add_organisation" time="22.486"/>
  <testcase classname="com.myiqai.testCases.Add_organisation" name="add_organisation" time="22.498"/>
  <testcase classname="com.myiqai.testCases.Add_organisation" name="add_organisation" time="22.573"/>
</testsuite> <!-- com.myiqai.testCases.Add_organisation -->
