<?xml version="1.0" encoding="UTF-8"?>
<!-- Generated by org.testng.reporters.JUnitReportReporter -->
<testsuite hostname="sivarajs-MacBook-Air.local" failures="0" tests="1" name="com.myiqai.testCases.Task_Id" time="8.482" errors="0" timestamp="17 Jul 2024 05:15:26 GMT" skipped="0">
  <testcase classname="com.myiqai.testCases.Task_Id" name="taskId" time="8.482"/>
</testsuite> <!-- com.myiqai.testCases.Task_Id -->
