<?xml version="1.0" encoding="UTF-8"?>
<!-- Generated by org.testng.reporters.JUnitReportReporter -->
<testsuite hostname="sivarajs-MacBook-Air.local" failures="0" tests="6" name="com.myiqai.testCases.Rule_master" time="138.987" errors="0" timestamp="17 Jul 2024 08:33:12 GMT" skipped="0">
  <testcase classname="com.myiqai.testCases.Rule_master" name="rule_master" time="39.505"/>
  <testcase classname="com.myiqai.testCases.Rule_master" name="rule_master" time="11.690"/>
  <testcase classname="com.myiqai.testCases.Rule_master" name="rule_master" time="28.177"/>
  <testcase classname="com.myiqai.testCases.Rule_master" name="rule_Mas" time="4.325"/>
  <testcase classname="com.myiqai.testCases.Rule_master" name="rule_master" time="29.940"/>
  <testcase classname="com.myiqai.testCases.Rule_master" name="rule_master" time="25.350"/>
</testsuite> <!-- com.myiqai.testCases.Rule_master -->
