<?xml version="1.0" encoding="UTF-8"?>
<!-- Generated by org.testng.reporters.JUnitReportReporter -->
<testsuite hostname="sivarajs-MacBook-Air.local" failures="0" tests="1" name="com.myiqai.testCases.Email_config" time="40.954" errors="0" timestamp="17 Jul 2024 05:15:26 GMT" skipped="0">
  <testcase classname="com.myiqai.testCases.Email_config" name="emailConfig" time="40.954"/>
</testsuite> <!-- com.myiqai.testCases.Email_config -->
