<?xml version="1.0" encoding="UTF-8"?>
<!-- Generated by org.testng.reporters.JUnitReportReporter -->
<testsuite hostname="sivarajs-MacBook-Air.local" failures="0" tests="1" name="com.myiqai.testCases.Manual_uploading" time="28.467" errors="0" timestamp="17 Jul 2024 05:15:26 GMT" skipped="0">
  <testcase classname="com.myiqai.testCases.Manual_uploading" name="manual_Uploading" time="28.467"/>
</testsuite> <!-- com.myiqai.testCases.Manual_uploading -->
