<?xml version="1.0" encoding="UTF-8"?>
<!-- Generated by org.testng.reporters.JUnitReportReporter -->
<testsuite hostname="sivarajs-MacBook-Air.local" failures="0" tests="4" name="com.myiqai.testCases.Profile_page" time="16.957" errors="0" timestamp="17 Jul 2024 04:47:41 GMT" skipped="0">
  <testcase classname="com.myiqai.testCases.Profile_page" name="settingsProfile" time="2.216"/>
  <testcase classname="com.myiqai.testCases.Profile_page" name="profilePage" time="5.320"/>
  <testcase classname="com.myiqai.testCases.Profile_page" name="profilePage" time="5.232"/>
  <testcase classname="com.myiqai.testCases.Profile_page" name="password" time="4.189"/>
</testsuite> <!-- com.myiqai.testCases.Profile_page -->
