<?xml version="1.0" encoding="UTF-8"?>
<!-- Generated by org.testng.reporters.JUnitReportReporter -->
<testsuite hostname="sivarajs-MacBook-Air.local" failures="0" tests="1" name="com.myiqai.testCases.Document_typeSetup" time="16.346" errors="0" timestamp="17 Jul 2024 05:15:26 GMT" skipped="0">
  <testcase classname="com.myiqai.testCases.Document_typeSetup" name="docsetUP" time="16.346"/>
</testsuite> <!-- com.myiqai.testCases.Document_typeSetup -->
