<?xml version="1.0" encoding="UTF-8"?>
<!-- Generated by org.testng.reporters.JUnitReportReporter -->
<testsuite hostname="sivarajs-MacBook-Air.local" failures="0" tests="4" name="com.myiqai.testCases.Add_users" time="38.600" errors="0" timestamp="17 Jul 2024 08:33:12 GMT" skipped="0">
  <testcase classname="com.myiqai.testCases.Add_users" name="addNewUser" time="10.381"/>
  <testcase classname="com.myiqai.testCases.Add_users" name="add_newUsers" time="7.333"/>
  <testcase classname="com.myiqai.testCases.Add_users" name="addNewUser" time="10.444"/>
  <testcase classname="com.myiqai.testCases.Add_users" name="addNewUser" time="10.442"/>
</testsuite> <!-- com.myiqai.testCases.Add_users -->
