<?xml version="1.0" encoding="UTF-8"?>
<!-- Generated by org.testng.reporters.JUnitReportReporter -->
<testsuite hostname="sivarajs-MacBook-Air.local" failures="0" tests="1" name="com.myiqai.testCases.Email_config" time="40.436" errors="0" timestamp="18 Jul 2024 04:48:32 GMT" skipped="0">
  <testcase classname="com.myiqai.testCases.Email_config" name="emailConfig" time="40.436"/>
</testsuite> <!-- com.myiqai.testCases.Email_config -->
