<?xml version="1.0" encoding="UTF-8"?>
<!-- Generated by org.testng.reporters.JUnitReportReporter -->
<testsuite hostname="sivarajs-MacBook-Air.local" failures="0" tests="4" name="com.myiqai.testCases.Add_users" time="38.234" errors="0" timestamp="18 Jul 2024 04:48:32 GMT" skipped="0">
  <testcase classname="com.myiqai.testCases.Add_users" name="add_newUsers" time="7.278"/>
  <testcase classname="com.myiqai.testCases.Add_users" name="addNewUser" time="10.264"/>
  <testcase classname="com.myiqai.testCases.Add_users" name="addNewUser" time="10.337"/>
  <testcase classname="com.myiqai.testCases.Add_users" name="addNewUser" time="10.355"/>
</testsuite> <!-- com.myiqai.testCases.Add_users -->
