<?xml version="1.0" encoding="UTF-8"?>
<!-- Generated by org.testng.reporters.JUnitReportReporter -->
<testsuite hostname="sivarajs-MacBook-Air.local" failures="0" tests="6" name="com.myiqai.testCases.Rule_master" time="81.356" errors="0" timestamp="25 Jul 2024 05:57:07 GMT" skipped="0">
  <testcase classname="com.myiqai.testCases.Rule_master" name="rule_master" time="14.148"/>
  <testcase classname="com.myiqai.testCases.Rule_master" name="rule_master" time="14.077"/>
  <testcase classname="com.myiqai.testCases.Rule_master" name="rule_Mas" time="4.252"/>
  <testcase classname="com.myiqai.testCases.Rule_master" name="rule_master" time="14.026"/>
  <testcase classname="com.myiqai.testCases.Rule_master" name="rule_master" time="14.060"/>
  <testcase classname="com.myiqai.testCases.Rule_master" name="rule_master" time="20.793"/>
</testsuite> <!-- com.myiqai.testCases.Rule_master -->
