<?xml version="1.0" encoding="UTF-8"?>
<!-- Generated by org.testng.reporters.JUnitReportReporter -->
<testsuite hostname="sivarajs-MacBook-Air.local" failures="0" tests="1" name="com.myiqai.testCases.Email_template" time="17.245" errors="0" timestamp="18 Jul 2024 04:48:32 GMT" skipped="0">
  <testcase classname="com.myiqai.testCases.Email_template" name="emailTemplate" time="17.245"/>
</testsuite> <!-- com.myiqai.testCases.Email_template -->
