<?xml version="1.0" encoding="UTF-8"?>
<!-- Generated by org.testng.reporters.JUnitReportReporter -->
<testsuite hostname="sivarajs-MacBook-Air.local" failures="0" tests="1" name="com.myiqai.testCases.Accrual_AutomationConfig" time="43.951" errors="0" timestamp="18 Jul 2024 04:48:32 GMT" skipped="0">
  <testcase classname="com.myiqai.testCases.Accrual_AutomationConfig" name="accrualautomationConfig" time="43.951"/>
</testsuite> <!-- com.myiqai.testCases.Accrual_AutomationConfig -->
