<?xml version="1.0" encoding="UTF-8"?>
<!-- Generated by org.testng.reporters.JUnitReportReporter -->
<testsuite hostname="sivarajs-MacBook-Air.local" failures="0" tests="1" name="com.myiqai.testCases.Exchange_Rate" time="16.877" errors="0" timestamp="25 Jul 2024 05:57:07 GMT" skipped="0">
  <testcase classname="com.myiqai.testCases.Exchange_Rate" name="exchangerate" time="16.877"/>
</testsuite> <!-- com.myiqai.testCases.Exchange_Rate -->
