<?xml version="1.0" encoding="UTF-8"?>
<!-- Generated by org.testng.reporters.JUnitReportReporter -->
<testsuite hostname="sivarajs-MacBook-Air.local" failures="0" tests="6" name="com.myiqai.testCases.Role_Creation" time="56.963" errors="0" timestamp="18 Jul 2024 04:48:32 GMT" skipped="0">
  <testcase classname="com.myiqai.testCases.Role_Creation" name="roleCreation" time="11.562"/>
  <testcase classname="com.myiqai.testCases.Role_Creation" name="roleCreation" time="10.851"/>
  <testcase classname="com.myiqai.testCases.Role_Creation" name="roleCreation" time="11.435"/>
  <testcase classname="com.myiqai.testCases.Role_Creation" name="roleCreation" time="11.030"/>
  <testcase classname="com.myiqai.testCases.Role_Creation" name="roleCreation" time="10.696"/>
  <testcase classname="com.myiqai.testCases.Role_Creation" name="role_creation" time="1.389"/>
</testsuite> <!-- com.myiqai.testCases.Role_Creation -->
