<?xml version="1.0" encoding="UTF-8"?>
<!-- Generated by org.testng.reporters.JUnitReportReporter -->
<testsuite hostname="sivarajs-MacBook-Air.local" failures="0" tests="1" name="com.myiqai.testCases.Folder_config" time="40.658" errors="0" timestamp="25 Jul 2024 05:57:07 GMT" skipped="0">
  <testcase classname="com.myiqai.testCases.Folder_config" name="folderConfig" time="40.658"/>
</testsuite> <!-- com.myiqai.testCases.Folder_config -->
