<?xml version="1.0" encoding="UTF-8"?>
<!-- Generated by org.testng.reporters.JUnitReportReporter -->
<testsuite hostname="sivarajs-MacBook-Air.local" failures="0" tests="5" name="com.myiqai.testCases.Add_organisation" time="95.253" errors="0" timestamp="18 Jul 2024 04:48:32 GMT" skipped="0">
  <testcase classname="com.myiqai.testCases.Add_organisation" name="add_organisation" time="23.354"/>
  <testcase classname="com.myiqai.testCases.Add_organisation" name="add_org" time="4.291"/>
  <testcase classname="com.myiqai.testCases.Add_organisation" name="add_organisation" time="22.522"/>
  <testcase classname="com.myiqai.testCases.Add_organisation" name="add_organisation" time="22.560"/>
  <testcase classname="com.myiqai.testCases.Add_organisation" name="add_organisation" time="22.526"/>
</testsuite> <!-- com.myiqai.testCases.Add_organisation -->
