<?xml version="1.0" encoding="UTF-8"?>
<!-- Generated by org.testng.reporters.JUnitReportReporter -->
<testsuite hostname="sivarajs-MacBook-Air.local" failures="0" tests="1" name="com.myiqai.testCases.Email_template" time="27.387" errors="0" timestamp="25 Jul 2024 05:57:07 GMT" skipped="0">
  <testcase classname="com.myiqai.testCases.Email_template" name="emailTemplate" time="27.387"/>
</testsuite> <!-- com.myiqai.testCases.Email_template -->
