<?xml version="1.0" encoding="UTF-8"?>
<!-- Generated by org.testng.reporters.JUnitReportReporter -->
<testsuite hostname="sivarajs-MacBook-Air.local" failures="0" tests="6" name="com.myiqai.testCases.Rule_master" time="138.268" errors="0" timestamp="18 Jul 2024 04:48:32 GMT" skipped="0">
  <testcase classname="com.myiqai.testCases.Rule_master" name="rule_master" time="30.490"/>
  <testcase classname="com.myiqai.testCases.Rule_master" name="rule_master" time="27.744"/>
  <testcase classname="com.myiqai.testCases.Rule_master" name="rule_Mas" time="4.385"/>
  <testcase classname="com.myiqai.testCases.Rule_master" name="rule_master" time="39.251"/>
  <testcase classname="com.myiqai.testCases.Rule_master" name="rule_master" time="11.617"/>
  <testcase classname="com.myiqai.testCases.Rule_master" name="rule_master" time="24.781"/>
</testsuite> <!-- com.myiqai.testCases.Rule_master -->
