<?xml version="1.0" encoding="UTF-8"?>
<!-- Generated by org.testng.reporters.JUnitReportReporter -->
<testsuite hostname="sivarajs-MacBook-Air.local" failures="0" tests="4" name="com.myiqai.testCases.Profile_page" time="17.178" errors="0" timestamp="18 Jul 2024 04:33:25 GMT" skipped="0">
  <testcase classname="com.myiqai.testCases.Profile_page" name="settingsProfile" time="1.934"/>
  <testcase classname="com.myiqai.testCases.Profile_page" name="profilePage" time="5.201"/>
  <testcase classname="com.myiqai.testCases.Profile_page" name="profilePage" time="5.837"/>
  <testcase classname="com.myiqai.testCases.Profile_page" name="password" time="4.206"/>
</testsuite> <!-- com.myiqai.testCases.Profile_page -->
