<?xml version="1.0" encoding="UTF-8"?>
<!-- Generated by org.testng.reporters.JUnitReportReporter -->
<testsuite hostname="sivarajs-MacBook-Air.local" failures="0" tests="1" name="com.myiqai.testCases.Document_typeSetup" time="16.543" errors="0" timestamp="25 Jul 2024 05:57:07 GMT" skipped="0">
  <testcase classname="com.myiqai.testCases.Document_typeSetup" name="docsetUP" time="16.543"/>
</testsuite> <!-- com.myiqai.testCases.Document_typeSetup -->
